[debug] [2021-03-22T10:33:32.099Z] ----------------------------------------------------------------------
[debug] [2021-03-22T10:33:32.101Z] Command:       /usr/local/Cellar/node/13.8.0/bin/node /usr/local/bin/firebase init
[debug] [2021-03-22T10:33:32.102Z] CLI Version:   9.6.1
[debug] [2021-03-22T10:33:32.102Z] Platform:      darwin
[debug] [2021-03-22T10:33:32.102Z] Node Version:  v13.8.0
[debug] [2021-03-22T10:33:32.103Z] Time:          Mon Mar 22 2021 13:33:32 GMT+0300 (Moscow Standard Time)
[debug] [2021-03-22T10:33:32.103Z] ----------------------------------------------------------------------
[debug] [2021-03-22T10:33:32.103Z] 
[debug] [2021-03-22T10:33:32.106Z] >>> [apiv2][query] GET https://firebase-public.firebaseio.com/cli.json [none]
[debug] [2021-03-22T10:33:32.126Z] > command requires scopes: ["email","openid","https://www.googleapis.com/auth/cloudplatformprojects.readonly","https://www.googleapis.com/auth/firebase","https://www.googleapis.com/auth/cloud-platform"]
[debug] [2021-03-22T10:33:32.127Z] > authorizing via signed-in user
[info] 
     ######## #### ########  ######## ########     ###     ######  ########
     ##        ##  ##     ## ##       ##     ##  ##   ##  ##       ##
     ######    ##  ########  ######   ########  #########  ######  ######
     ##        ##  ##    ##  ##       ##     ## ##     ##       ## ##
     ##       #### ##     ## ######## ########  ##     ##  ######  ########

You're about to initialize a Firebase project in this directory:

  /Users/anastasia/Home/Web practice/flippy-cards

Before we get started, keep in mind:

  * You are initializing in an existing Firebase project directory

[debug] [2021-03-22T10:33:33.205Z] <<< [apiv2][status] GET https://firebase-public.firebaseio.com/cli.json 200
[debug] [2021-03-22T10:33:33.205Z] <<< [apiv2][body] GET https://firebase-public.firebaseio.com/cli.json {"cloudBuildErrorAfter":1594252800000,"cloudBuildWarnAfter":1590019200000,"defaultNode10After":1594252800000,"minVersion":"3.0.5","node8DeploysDisabledAfter":1613390400000,"node8RuntimeDisabledAfter":1615809600000,"node8WarnAfter":1600128000000}
[info] 
=== Project Setup
[info] 
[info] First, let's associate this project directory with a Firebase project.
[info] You can create multiple project aliases by running firebase use --add, 
[info] but for now we'll just set up a default project.
[info] 
[info] i  .firebaserc already has a default project, using flippy-cards. 
[debug] [2021-03-22T10:33:47.130Z] > refreshing access token with scopes: []
[debug] [2021-03-22T10:33:47.131Z] >>> HTTP REQUEST POST https://www.googleapis.com/oauth2/v3/token  
 <request body omitted>
[debug] [2021-03-22T10:33:51.327Z] <<< HTTP RESPONSE 200 {"pragma":"no-cache","expires":"Mon, 01 Jan 1990 00:00:00 GMT","cache-control":"no-cache, no-store, max-age=0, must-revalidate","date":"Mon, 22 Mar 2021 10:33:51 GMT","content-type":"application/json; charset=utf-8","vary":"X-Origin, Referer, Origin,Accept-Encoding","server":"scaffolding on HTTPServer2","x-xss-protection":"0","x-frame-options":"SAMEORIGIN","x-content-type-options":"nosniff","alt-svc":"h3-29=\":443\"; ma=2592000,h3-T051=\":443\"; ma=2592000,h3-Q050=\":443\"; ma=2592000,h3-Q046=\":443\"; ma=2592000,h3-Q043=\":443\"; ma=2592000,quic=\":443\"; ma=2592000; v=\"46,43\"","accept-ranges":"none","transfer-encoding":"chunked"}
[debug] [2021-03-22T10:33:51.357Z] >>> [apiv2][query] GET https://firebase.googleapis.com/v1beta1/projects/flippy-cards [none]
[debug] [2021-03-22T10:33:54.054Z] <<< [apiv2][status] GET https://firebase.googleapis.com/v1beta1/projects/flippy-cards 200
[debug] [2021-03-22T10:33:54.054Z] <<< [apiv2][body] GET https://firebase.googleapis.com/v1beta1/projects/flippy-cards {"projectId":"flippy-cards","projectNumber":"581827935221","displayName":"Flippy","name":"projects/flippy-cards","resources":{"hostingSite":"flippy-cards","storageBucket":"flippy-cards.appspot.com","locationId":"europe-west"},"state":"ACTIVE"}
[info] 
=== Firestore Setup
[debug] [2021-03-22T10:33:54.055Z] > refreshing access token with scopes: ["email","https://www.googleapis.com/auth/cloud-platform","https://www.googleapis.com/auth/cloudplatformprojects.readonly","https://www.googleapis.com/auth/firebase","openid"]
[debug] [2021-03-22T10:33:54.055Z] >>> HTTP REQUEST POST https://www.googleapis.com/oauth2/v3/token  
 <request body omitted>
[debug] [2021-03-22T10:33:55.032Z] <<< HTTP RESPONSE 200 {"expires":"Mon, 01 Jan 1990 00:00:00 GMT","date":"Mon, 22 Mar 2021 10:33:54 GMT","pragma":"no-cache","cache-control":"no-cache, no-store, max-age=0, must-revalidate","content-type":"application/json; charset=utf-8","vary":"X-Origin, Referer, Origin,Accept-Encoding","server":"scaffolding on HTTPServer2","x-xss-protection":"0","x-frame-options":"SAMEORIGIN","x-content-type-options":"nosniff","alt-svc":"h3-29=\":443\"; ma=2592000,h3-T051=\":443\"; ma=2592000,h3-Q050=\":443\"; ma=2592000,h3-Q046=\":443\"; ma=2592000,h3-Q043=\":443\"; ma=2592000,quic=\":443\"; ma=2592000; v=\"46,43\"","accept-ranges":"none","transfer-encoding":"chunked"}
[debug] [2021-03-22T10:33:55.057Z] >>> HTTP REQUEST GET https://serviceusage.googleapis.com/v1/projects/flippy-cards/services/firestore.googleapis.com  
 
[debug] [2021-03-22T10:33:59.061Z] <<< HTTP RESPONSE 200 {"content-type":"application/json; charset=UTF-8","vary":"X-Origin, Referer, Origin,Accept-Encoding","date":"Mon, 22 Mar 2021 10:33:57 GMT","server":"ESF","cache-control":"private","x-xss-protection":"0","x-frame-options":"SAMEORIGIN","x-content-type-options":"nosniff","alt-svc":"h3-29=\":443\"; ma=2592000,h3-T051=\":443\"; ma=2592000,h3-Q050=\":443\"; ma=2592000,h3-Q046=\":443\"; ma=2592000,h3-Q043=\":443\"; ma=2592000,quic=\":443\"; ma=2592000; v=\"46,43\"","accept-ranges":"none","transfer-encoding":"chunked"}
[debug] [2021-03-22T10:33:59.062Z] >>> HTTP REQUEST GET https://appengine.googleapis.com/v1/apps/flippy-cards  
 
[debug] [2021-03-22T10:33:59.653Z] <<< HTTP RESPONSE 200 {"content-type":"application/json; charset=UTF-8","vary":"X-Origin, Referer, Origin,Accept-Encoding","date":"Mon, 22 Mar 2021 10:33:59 GMT","server":"ESF","cache-control":"private","x-xss-protection":"0","x-frame-options":"SAMEORIGIN","x-content-type-options":"nosniff","alt-svc":"h3-29=\":443\"; ma=2592000,h3-T051=\":443\"; ma=2592000,h3-Q050=\":443\"; ma=2592000,h3-Q046=\":443\"; ma=2592000,h3-Q043=\":443\"; ma=2592000,quic=\":443\"; ma=2592000; v=\"46,43\"","accept-ranges":"none","transfer-encoding":"chunked"}
[debug] [2021-03-22T10:33:59.653Z] database_type: CLOUD_FIRESTORE
[debug] [2021-03-22T10:33:59.654Z] > command requires scopes: ["email","openid","https://www.googleapis.com/auth/cloudplatformprojects.readonly","https://www.googleapis.com/auth/firebase","https://www.googleapis.com/auth/cloud-platform"]
[debug] [2021-03-22T10:33:59.654Z] > authorizing via signed-in user
[debug] [2021-03-22T10:33:59.654Z] [iam] checking project flippy-cards for permissions ["firebase.projects.get"]
[debug] [2021-03-22T10:33:59.655Z] >>> HTTP REQUEST POST https://cloudresourcemanager.googleapis.com/v1/projects/flippy-cards:testIamPermissions  
 {"permissions":["firebase.projects.get"]}
[debug] [2021-03-22T10:34:00.868Z] <<< HTTP RESPONSE 200 {"content-type":"application/json; charset=UTF-8","vary":"X-Origin, Referer, Origin,Accept-Encoding","date":"Mon, 22 Mar 2021 10:34:00 GMT","server":"ESF","cache-control":"private","x-xss-protection":"0","x-frame-options":"SAMEORIGIN","x-content-type-options":"nosniff","server-timing":"gfet4t7; dur=581","alt-svc":"h3-29=\":443\"; ma=2592000,h3-T051=\":443\"; ma=2592000,h3-Q050=\":443\"; ma=2592000,h3-Q046=\":443\"; ma=2592000,h3-Q043=\":443\"; ma=2592000,quic=\":443\"; ma=2592000; v=\"46,43\"","accept-ranges":"none","transfer-encoding":"chunked"}
[info] 
[info] Firestore Security Rules allow you to define how and when to allow
[info] requests. You can keep these rules in your project directory
[info] and publish them with firebase deploy.
[info] 
[debug] [2021-03-22T10:34:08.348Z] >>> HTTP REQUEST GET https://firebaserules.googleapis.com/v1/projects/flippy-cards/releases?pageSize=10&pageToken=  
 
[debug] [2021-03-22T10:34:10.064Z] <<< HTTP RESPONSE 200 {"content-type":"application/json; charset=UTF-8","vary":"X-Origin, Referer, Origin,Accept-Encoding","date":"Mon, 22 Mar 2021 10:34:09 GMT","server":"ESF","cache-control":"private","x-xss-protection":"0","x-frame-options":"SAMEORIGIN","x-content-type-options":"nosniff","alt-svc":"h3-29=\":443\"; ma=2592000,h3-T051=\":443\"; ma=2592000,h3-Q050=\":443\"; ma=2592000,h3-Q046=\":443\"; ma=2592000,h3-Q043=\":443\"; ma=2592000,quic=\":443\"; ma=2592000; v=\"46,43\"","accept-ranges":"none","transfer-encoding":"chunked"}
[debug] [2021-03-22T10:34:10.065Z] Found ruleset: projects/flippy-cards/rulesets/5583d254-a2cb-49a8-bd6a-9117318c458a
[debug] [2021-03-22T10:34:10.066Z] >>> HTTP REQUEST GET https://firebaserules.googleapis.com/v1/projects/flippy-cards/rulesets/5583d254-a2cb-49a8-bd6a-9117318c458a  
 
[debug] [2021-03-22T10:34:11.765Z] <<< HTTP RESPONSE 200 {"content-type":"application/json; charset=UTF-8","vary":"X-Origin, Referer, Origin,Accept-Encoding","date":"Mon, 22 Mar 2021 10:34:10 GMT","server":"ESF","cache-control":"private","x-xss-protection":"0","x-frame-options":"SAMEORIGIN","x-content-type-options":"nosniff","alt-svc":"h3-29=\":443\"; ma=2592000,h3-T051=\":443\"; ma=2592000,h3-Q050=\":443\"; ma=2592000,h3-Q046=\":443\"; ma=2592000,h3-Q043=\":443\"; ma=2592000,quic=\":443\"; ma=2592000; v=\"46,43\"","accept-ranges":"none","transfer-encoding":"chunked"}
[info] 
[info] Firestore indexes allow you to perform complex queries while
[info] maintaining performance that scales with the size of the result
[info] set. You can keep index definitions in your project directory
[info] and publish them with firebase deploy.
[info] 
[debug] [2021-03-22T10:34:18.115Z] >>> HTTP REQUEST GET https://firestore.googleapis.com/v1/projects/flippy-cards/databases/(default)/collectionGroups/-/indexes  
 
[debug] [2021-03-22T10:34:18.115Z] >>> HTTP REQUEST GET https://firestore.googleapis.com/v1/projects/flippy-cards/databases/(default)/collectionGroups/-/fields?filter=indexConfig.usesAncestorConfig=false  
 
[debug] [2021-03-22T10:34:20.326Z] <<< HTTP RESPONSE 200 {"content-type":"application/json; charset=UTF-8","vary":"X-Origin, Referer, Origin,Accept-Encoding","date":"Mon, 22 Mar 2021 10:34:18 GMT","server":"ESF","cache-control":"private","x-xss-protection":"0","x-frame-options":"SAMEORIGIN","x-content-type-options":"nosniff","alt-svc":"h3-29=\":443\"; ma=2592000,h3-T051=\":443\"; ma=2592000,h3-Q050=\":443\"; ma=2592000,h3-Q046=\":443\"; ma=2592000,h3-Q043=\":443\"; ma=2592000,quic=\":443\"; ma=2592000; v=\"46,43\"","accept-ranges":"none","transfer-encoding":"chunked"}
[debug] [2021-03-22T10:34:20.327Z] <<< HTTP RESPONSE 200 {"content-type":"application/json; charset=UTF-8","vary":"X-Origin, Referer, Origin,Accept-Encoding","date":"Mon, 22 Mar 2021 10:34:18 GMT","server":"ESF","cache-control":"private","x-xss-protection":"0","x-frame-options":"SAMEORIGIN","x-content-type-options":"nosniff","alt-svc":"h3-29=\":443\"; ma=2592000,h3-T051=\":443\"; ma=2592000,h3-Q050=\":443\"; ma=2592000,h3-Q046=\":443\"; ma=2592000,h3-Q043=\":443\"; ma=2592000,quic=\":443\"; ma=2592000; v=\"46,43\"","accept-ranges":"none","transfer-encoding":"chunked"}
[debug] [2021-03-22T10:34:20.665Z] Error: EISDIR: illegal operation on a directory, open '/Users/anastasia/Home/Web practice/flippy-cards'
    at Object.openSync (fs.js:457:3)
    at Object.writeFileSync (fs.js:1298:35)
    at Config.writeProjectFile (/usr/local/lib/node_modules/firebase-tools/lib/config.js:156:8)
    at /usr/local/lib/node_modules/firebase-tools/lib/init/features/firestore/indexes.js:51:27
    at processTicksAndRejections (internal/process/task_queues.js:97:5)
    at async Object.doSetup [as firestore] (/usr/local/lib/node_modules/firebase-tools/lib/init/features/firestore/index.js:36:5)
    at async init (/usr/local/lib/node_modules/firebase-tools/lib/init/index.js:19:9)
[error] 
[error] Error: An unexpected error has occurred.
